C:\Program Files\Microsoft Visual Studio\2022\Community\MSBuild\Microsoft\VC\v170\Microsoft.CppBuild.targets(534,5): warning MSB8028: The intermediate directory (Debug\) contains files shared from another project (Assignment7.vcxproj, EmptyViewer.vcxproj).  This can lead to incorrect clean and rebuild behavior.
  frame_timer.cpp
\Downloads\frame_timer.cpp(1,1): error C1083: Cannot open source file: '..\..\..\..\..\Downloads\frame_timer.cpp': No such file or directory
  (compiling source file '/Downloads/frame_timer.cpp')
  
  load_mesh.cpp
\Downloads\load_mesh.cpp(1,1): error C1083: Cannot open source file: '..\..\..\..\..\Downloads\load_mesh.cpp': No such file or directory
  (compiling source file '/Downloads/load_mesh.cpp')
  
  main.cpp
C:\Users\hwan\Documents\GitHub\ComputerGraphicsHW8\Assignment8\include\GL\glew.h(156,1): error C2144: syntax error: 'int' should be preceded by ';'
  (compiling source file 'main.cpp')
  
C:\Users\hwan\Documents\GitHub\ComputerGraphicsHW8\Assignment8\include\GL\glew.h(156,18): error C4430: missing type specifier - int assumed. Note: C++ does not support default-int
  (compiling source file 'main.cpp')
  
C:\Users\hwan\Documents\GitHub\ComputerGraphicsHW8\Assignment8\EmptyViewer\load_mesh.cpp(47,16): error C4996: 'strtok': This function or variable may be unsafe. Consider using strtok_s instead. To disable deprecation, use _CRT_SECURE_NO_WARNINGS. See online help for details.
  (compiling source file 'main.cpp')
  
C:\Users\hwan\Documents\GitHub\ComputerGraphicsHW8\Assignment8\EmptyViewer\load_mesh.cpp(51,11): error C4996: 'strtok': This function or variable may be unsafe. Consider using strtok_s instead. To disable deprecation, use _CRT_SECURE_NO_WARNINGS. See online help for details.
  (compiling source file 'main.cpp')
  
C:\Users\hwan\Documents\GitHub\ComputerGraphicsHW8\Assignment8\EmptyViewer\load_mesh.cpp(60,2): error C4996: 'strcpy': This function or variable may be unsafe. Consider using strcpy_s instead. To disable deprecation, use _CRT_SECURE_NO_WARNINGS. See online help for details.
  (compiling source file 'main.cpp')
  
C:\Users\hwan\Documents\GitHub\ComputerGraphicsHW8\Assignment8\EmptyViewer\load_mesh.cpp(108,12): warning C4244: 'initializing': conversion from 'double' to 'float', possible loss of data
  (compiling source file 'main.cpp')
  
C:\Users\hwan\Documents\GitHub\ComputerGraphicsHW8\Assignment8\EmptyViewer\load_mesh.cpp(109,12): warning C4244: 'initializing': conversion from 'double' to 'float', possible loss of data
  (compiling source file 'main.cpp')
  
C:\Users\hwan\Documents\GitHub\ComputerGraphicsHW8\Assignment8\EmptyViewer\load_mesh.cpp(110,12): warning C4244: 'initializing': conversion from 'double' to 'float', possible loss of data
  (compiling source file 'main.cpp')
  
C:\Users\hwan\Documents\GitHub\ComputerGraphicsHW8\Assignment8\EmptyViewer\load_mesh.cpp(124,12): warning C4244: 'initializing': conversion from 'double' to 'float', possible loss of data
  (compiling source file 'main.cpp')
  
C:\Users\hwan\Documents\GitHub\ComputerGraphicsHW8\Assignment8\EmptyViewer\load_mesh.cpp(125,12): warning C4244: 'initializing': conversion from 'double' to 'float', possible loss of data
  (compiling source file 'main.cpp')
  
C:\Users\hwan\Documents\GitHub\ComputerGraphicsHW8\Assignment8\EmptyViewer\load_mesh.cpp(126,12): warning C4244: 'initializing': conversion from 'double' to 'float', possible loss of data
  (compiling source file 'main.cpp')
  
C:\Users\hwan\Documents\GitHub\ComputerGraphicsHW8\Assignment8\EmptyViewer\frame_timer.cpp(68,4): error C4996: 'sprintf': This function or variable may be unsafe. Consider using sprintf_s instead. To disable deprecation, use _CRT_SECURE_NO_WARNINGS. See online help for details.
  (compiling source file 'main.cpp')
  
C:\Users\hwan\Documents\GitHub\ComputerGraphicsHW8\Assignment8\EmptyViewer\main.cpp(47,6): error C2084: function 'void display(void)' already has a body
      C:\Users\hwan\Documents\GitHub\ComputerGraphicsHW8\Assignment8\EmptyViewer\frame_timer.cpp(55,6):
      see previous definition of 'display'
  
C:\Users\hwan\Documents\GitHub\ComputerGraphicsHW8\Assignment8\EmptyViewer\main.cpp(75,5): error C4996: 'sprintf': This function or variable may be unsafe. Consider using sprintf_s instead. To disable deprecation, use _CRT_SECURE_NO_WARNINGS. See online help for details.
  Generating Code...
